<?xml version="1.0" encoding="UTF-8"?>
<!-- Generated by org.testng.reporters.JUnitXMLReporter -->
<testsuite hostname="RD0100454" name="Test" tests="2" failures="1" timestamp="8 Jul 2016 02:42:36 GMT" time="104.13" errors="0">
  <testcase name="GoogleLogin" time="26.362" classname="GmailTests.GmailTest"/>
  <testcase name="GoogleLogin" time="55.508" classname="GmailTests.GmailTest">
    <failure type="java.lang.AssertionError" message="expected [true] but found [false]">
      <![CDATA[java.lang.AssertionError: expected [true] but found [false]
	at GmailTests.GmailTest.GoogleLogin(GmailTest.java:33)
... Removed 29 stack frames]]>
    </failure>
  </testcase> <!-- GoogleLogin -->
</testsuite> <!-- Test -->
