<?xml version="1.0" encoding="UTF-8"?>
<!-- Generated by org.testng.reporters.JUnitXMLReporter -->
<testsuite hostname="RD0100454" name="Nopackage" tests="1" failures="1" timestamp="13 Jul 2016 02:57:27 GMT" time="0.054" errors="0">
  <testcase name="SoftAssertTest" time="0.024" classname="CustomAssert.SoftAssertverify">
    <failure type="java.lang.AssertionError" message="The following asserts failed:
null, null">
      <![CDATA[java.lang.AssertionError: The following asserts failed:
null, null
	at CustomAssert.SoftAssertverify.SoftAssertTest(SoftAssertverify.java:24)
... Removed 25 stack frames]]>
    </failure>
  </testcase> <!-- SoftAssertTest -->
</testsuite> <!-- Nopackage -->
